{
  "/home/kalpesh/Desktop/HiringTests/advanced-user-analytics-api-v1/src/api/v1/app.ts": {
    "path": "/home/kalpesh/Desktop/HiringTests/advanced-user-analytics-api-v1/src/api/v1/app.ts",
    "statementMap": {
      "0": {
        "start": { "line": 1, "column": 0 },
        "end": { "line": 1, "column": 47 }
      },
      "1": {
        "start": { "line": 2, "column": 0 },
        "end": { "line": 2, "column": 38 }
      },
      "2": {
        "start": { "line": 3, "column": 0 },
        "end": { "line": 3, "column": 24 }
      },
      "3": {
        "start": { "line": 4, "column": 0 },
        "end": { "line": 4, "column": 28 }
      },
      "4": {
        "start": { "line": 6, "column": 0 },
        "end": { "line": 6, "column": 60 }
      },
      "5": {
        "start": { "line": 7, "column": 0 },
        "end": { "line": 7, "column": 28 }
      },
      "6": {
        "start": { "line": 8, "column": 0 },
        "end": { "line": 8, "column": 66 }
      },
      "7": {
        "start": { "line": 9, "column": 0 },
        "end": { "line": 9, "column": 62 }
      },
      "8": {
        "start": { "line": 10, "column": 0 },
        "end": { "line": 10, "column": 49 }
      },
      "9": {
        "start": { "line": 11, "column": 0 },
        "end": { "line": 11, "column": 52 }
      },
      "10": {
        "start": { "line": 20, "column": 4 },
        "end": { "line": 20, "column": 29 }
      },
      "11": {
        "start": { "line": 21, "column": 4 },
        "end": { "line": 21, "column": 21 }
      },
      "12": {
        "start": { "line": 23, "column": 4 },
        "end": { "line": 23, "column": 40 }
      },
      "13": {
        "start": { "line": 24, "column": 4 },
        "end": { "line": 24, "column": 32 }
      },
      "14": {
        "start": { "line": 25, "column": 4 },
        "end": { "line": 25, "column": 34 }
      },
      "15": {
        "start": { "line": 26, "column": 4 },
        "end": { "line": 26, "column": 35 }
      },
      "16": {
        "start": { "line": 31, "column": 4 },
        "end": { "line": 51, "column": null }
      },
      "17": {
        "start": { "line": 32, "column": 6 },
        "end": { "line": 40, "column": 9 }
      },
      "18": {
        "start": { "line": 42, "column": 6 },
        "end": { "line": 42, "column": 42 }
      },
      "19": {
        "start": { "line": 43, "column": 6 },
        "end": { "line": 43, "column": 67 }
      },
      "20": {
        "start": { "line": 46, "column": 6 },
        "end": { "line": 46, "column": 47 }
      },
      "21": {
        "start": { "line": 47, "column": 6 },
        "end": { "line": 47, "column": 43 }
      },
      "22": {
        "start": { "line": 49, "column": 6 },
        "end": { "line": 49, "column": 65 }
      },
      "23": {
        "start": { "line": 50, "column": 6 },
        "end": { "line": 50, "column": 22 }
      },
      "24": {
        "start": { "line": 56, "column": 4 },
        "end": { "line": 56, "column": 31 }
      },
      "25": {
        "start": { "line": 57, "column": 4 },
        "end": { "line": 57, "column": 29 }
      },
      "26": {
        "start": { "line": 58, "column": 4 },
        "end": { "line": 58, "column": 36 }
      },
      "27": {
        "start": { "line": 59, "column": 4 },
        "end": { "line": 59, "column": 37 }
      },
      "28": {
        "start": { "line": 60, "column": 4 },
        "end": { "line": 60, "column": 62 }
      },
      "29": {
        "start": { "line": 61, "column": 4 },
        "end": { "line": 61, "column": 36 }
      },
      "30": {
        "start": { "line": 62, "column": 4 },
        "end": { "line": 62, "column": 36 }
      },
      "31": {
        "start": { "line": 63, "column": 4 },
        "end": { "line": 63, "column": 34 }
      },
      "32": {
        "start": { "line": 67, "column": 4 },
        "end": { "line": 69, "column": 7 }
      },
      "33": {
        "start": { "line": 68, "column": 6 },
        "end": { "line": 68, "column": 48 }
      },
      "34": {
        "start": { "line": 73, "column": 4 },
        "end": { "line": 73, "column": 38 }
      },
      "35": {
        "start": { "line": 77, "column": 4 },
        "end": { "line": 79, "column": 7 }
      },
      "36": {
        "start": { "line": 78, "column": 6 },
        "end": { "line": 78, "column": 60 }
      },
      "37": {
        "start": { "line": 83, "column": 4 },
        "end": { "line": 86, "column": null }
      },
      "38": {
        "start": { "line": 84, "column": 6 },
        "end": { "line": 84, "column": 35 }
      },
      "39": {
        "start": { "line": 85, "column": 6 },
        "end": { "line": 85, "column": 48 }
      },
      "40": {
        "start": { "line": 90, "column": 0 },
        "end": { "line": 90, "column": 19 }
      }
    },
    "fnMap": {
      "0": {
        "name": "(anonymous_8)",
        "decl": {
          "start": { "line": 19, "column": 2 },
          "end": { "line": 19, "column": 14 }
        },
        "loc": {
          "start": { "line": 19, "column": 43 },
          "end": { "line": 28, "column": 3 }
        }
      },
      "1": {
        "name": "(anonymous_9)",
        "decl": {
          "start": { "line": 30, "column": 16 },
          "end": { "line": 30, "column": 44 }
        },
        "loc": {
          "start": { "line": 30, "column": 44 },
          "end": { "line": 52, "column": null }
        }
      },
      "2": {
        "name": "(anonymous_11)",
        "decl": {
          "start": { "line": 55, "column": 10 },
          "end": { "line": 55, "column": 30 }
        },
        "loc": {
          "start": { "line": 55, "column": 30 },
          "end": { "line": 64, "column": 3 }
        }
      },
      "3": {
        "name": "(anonymous_12)",
        "decl": {
          "start": { "line": 66, "column": 10 },
          "end": { "line": 66, "column": 26 }
        },
        "loc": {
          "start": { "line": 66, "column": 42 },
          "end": { "line": 70, "column": 3 }
        }
      },
      "4": {
        "name": "(anonymous_13)",
        "decl": {
          "start": { "line": 67, "column": 19 },
          "end": { "line": 67, "column": 20 }
        },
        "loc": {
          "start": { "line": 67, "column": 36 },
          "end": { "line": 69, "column": 5 }
        }
      },
      "5": {
        "name": "(anonymous_14)",
        "decl": {
          "start": { "line": 72, "column": 10 },
          "end": { "line": 72, "column": 33 }
        },
        "loc": {
          "start": { "line": 72, "column": 33 },
          "end": { "line": 74, "column": 3 }
        }
      },
      "6": {
        "name": "(anonymous_15)",
        "decl": {
          "start": { "line": 76, "column": 9 },
          "end": { "line": 76, "column": 15 }
        },
        "loc": {
          "start": { "line": 76, "column": 15 },
          "end": { "line": 80, "column": 3 }
        }
      },
      "7": {
        "name": "(anonymous_16)",
        "decl": {
          "start": { "line": 77, "column": 35 },
          "end": { "line": 77, "column": 38 }
        },
        "loc": {
          "start": { "line": 77, "column": 40 },
          "end": { "line": 79, "column": 5 }
        }
      },
      "8": {
        "name": "(anonymous_17)",
        "decl": {
          "start": { "line": 82, "column": 15 },
          "end": { "line": 82, "column": 20 }
        },
        "loc": {
          "start": { "line": 82, "column": 20 },
          "end": { "line": 87, "column": null }
        }
      }
    },
    "branchMap": {
      "0": {
        "loc": {
          "start": { "line": 83, "column": 4 },
          "end": { "line": 86, "column": null }
        },
        "type": "if",
        "locations": [
          {
            "start": { "line": 83, "column": 4 },
            "end": { "line": 86, "column": null }
          }
        ]
      }
    },
    "s": {
      "0": 0,
      "1": 0,
      "2": 0,
      "3": 0,
      "4": 0,
      "5": 0,
      "6": 0,
      "7": 0,
      "8": 0,
      "9": 0,
      "10": 0,
      "11": 0,
      "12": 0,
      "13": 0,
      "14": 0,
      "15": 0,
      "16": 0,
      "17": 0,
      "18": 0,
      "19": 0,
      "20": 0,
      "21": 0,
      "22": 0,
      "23": 0,
      "24": 0,
      "25": 0,
      "26": 0,
      "27": 0,
      "28": 0,
      "29": 0,
      "30": 0,
      "31": 0,
      "32": 0,
      "33": 0,
      "34": 0,
      "35": 0,
      "36": 0,
      "37": 0,
      "38": 0,
      "39": 0,
      "40": 0
    },
    "f": {
      "0": 0,
      "1": 0,
      "2": 0,
      "3": 0,
      "4": 0,
      "5": 0,
      "6": 0,
      "7": 0,
      "8": 0
    },
    "b": { "0": [0] }
  },
  "/home/kalpesh/Desktop/HiringTests/advanced-user-analytics-api-v1/src/api/v1/index.ts": {
    "path": "/home/kalpesh/Desktop/HiringTests/advanced-user-analytics-api-v1/src/api/v1/index.ts",
    "statementMap": {
      "0": {
        "start": { "line": 1, "column": 0 },
        "end": { "line": 1, "column": 23 }
      },
      "1": {
        "start": { "line": 2, "column": 0 },
        "end": { "line": 2, "column": 46 }
      },
      "2": {
        "start": { "line": 3, "column": 0 },
        "end": { "line": 3, "column": 24 }
      },
      "3": {
        "start": { "line": 4, "column": 0 },
        "end": { "line": 4, "column": 55 }
      },
      "4": {
        "start": { "line": 5, "column": 0 },
        "end": { "line": 5, "column": 47 }
      },
      "5": {
        "start": { "line": 6, "column": 0 },
        "end": { "line": 6, "column": 14 }
      },
      "6": {
        "start": { "line": 8, "column": 12 },
        "end": { "line": 8, "column": 86 }
      },
      "7": {
        "start": { "line": 10, "column": 0 },
        "end": { "line": 10, "column": 13 }
      }
    },
    "fnMap": {},
    "branchMap": {},
    "s": { "0": 0, "1": 0, "2": 0, "3": 0, "4": 0, "5": 0, "6": 0, "7": 0 },
    "f": {},
    "b": {}
  },
  "/home/kalpesh/Desktop/HiringTests/advanced-user-analytics-api-v1/src/api/v1/controllers/analytics.controller.ts": {
    "path": "/home/kalpesh/Desktop/HiringTests/advanced-user-analytics-api-v1/src/api/v1/controllers/analytics.controller.ts",
    "statementMap": {
      "0": {
        "start": { "line": 2, "column": 0 },
        "end": { "line": 2, "column": 58 }
      },
      "1": {
        "start": { "line": 3, "column": 0 },
        "end": { "line": 3, "column": 61 }
      },
      "2": {
        "start": { "line": 4, "column": 0 },
        "end": { "line": 4, "column": 63 }
      },
      "3": {
        "start": { "line": 13, "column": 9 },
        "end": { "line": 34, "column": 4 }
      },
      "4": {
        "start": { "line": 14, "column": 77 },
        "end": { "line": 33, "column": null }
      },
      "5": {
        "start": { "line": 15, "column": 26 },
        "end": { "line": 15, "column": 36 }
      },
      "6": {
        "start": { "line": 17, "column": 6 },
        "end": { "line": 19, "column": null }
      },
      "7": {
        "start": { "line": 18, "column": 8 },
        "end": { "line": 18, "column": 67 }
      },
      "8": {
        "start": { "line": 21, "column": 24 },
        "end": { "line": 21, "column": 90 }
      },
      "9": {
        "start": { "line": 22, "column": 32 },
        "end": { "line": 22, "column": 82 }
      },
      "10": {
        "start": { "line": 23, "column": 31 },
        "end": { "line": 23, "column": 98 }
      },
      "11": {
        "start": { "line": 25, "column": 6 },
        "end": { "line": 32, "column": 9 }
      },
      "12": {
        "start": { "line": 10, "column": 4 },
        "end": { "line": 10, "column": 51 }
      },
      "13": {
        "start": { "line": 37, "column": 0 },
        "end": { "line": 37, "column": 35 }
      }
    },
    "fnMap": {
      "0": {
        "name": "(anonymous_8)",
        "decl": {
          "start": { "line": 9, "column": 2 },
          "end": { "line": 9, "column": null }
        },
        "loc": {
          "start": { "line": 9, "column": 2 },
          "end": { "line": 11, "column": 3 }
        }
      },
      "1": {
        "name": "(anonymous_9)",
        "decl": {
          "start": { "line": 14, "column": 4 },
          "end": { "line": 14, "column": 11 }
        },
        "loc": {
          "start": { "line": 14, "column": 77 },
          "end": { "line": 33, "column": null }
        }
      },
      "2": {
        "name": "(anonymous_10)",
        "decl": {
          "start": { "line": 14, "column": 77 },
          "end": { "line": 14, "column": null }
        },
        "loc": {
          "start": { "line": 14, "column": 77 },
          "end": { "line": 33, "column": 5 }
        }
      }
    },
    "branchMap": {
      "0": {
        "loc": {
          "start": { "line": 17, "column": 6 },
          "end": { "line": 19, "column": null }
        },
        "type": "if",
        "locations": [
          {
            "start": { "line": 17, "column": 6 },
            "end": { "line": 19, "column": null }
          }
        ]
      }
    },
    "s": {
      "0": 0,
      "1": 0,
      "2": 0,
      "3": 0,
      "4": 0,
      "5": 0,
      "6": 0,
      "7": 0,
      "8": 0,
      "9": 0,
      "10": 0,
      "11": 0,
      "12": 0,
      "13": 0
    },
    "f": { "0": 0, "1": 0, "2": 0 },
    "b": { "0": [0] }
  },
  "/home/kalpesh/Desktop/HiringTests/advanced-user-analytics-api-v1/src/api/v1/controllers/event.controller.ts": {
    "path": "/home/kalpesh/Desktop/HiringTests/advanced-user-analytics-api-v1/src/api/v1/controllers/event.controller.ts",
    "statementMap": {
      "0": {
        "start": { "line": 2, "column": 0 },
        "end": { "line": 2, "column": 58 }
      },
      "1": {
        "start": { "line": 3, "column": 0 },
        "end": { "line": 3, "column": 53 }
      },
      "2": {
        "start": { "line": 4, "column": 0 },
        "end": { "line": 4, "column": 63 }
      },
      "3": {
        "start": { "line": 13, "column": 9 },
        "end": { "line": 51, "column": 4 }
      },
      "4": {
        "start": { "line": 14, "column": 77 },
        "end": { "line": 50, "column": null }
      },
      "5": {
        "start": { "line": 15, "column": 61 },
        "end": { "line": 15, "column": 69 }
      },
      "6": {
        "start": { "line": 17, "column": 6 },
        "end": { "line": 19, "column": null }
      },
      "7": {
        "start": { "line": 18, "column": 8 },
        "end": { "line": 18, "column": 71 }
      },
      "8": {
        "start": { "line": 22, "column": 6 },
        "end": { "line": 24, "column": null }
      },
      "9": {
        "start": { "line": 23, "column": 8 },
        "end": { "line": 23, "column": 66 }
      },
      "10": {
        "start": { "line": 27, "column": 6 },
        "end": { "line": 29, "column": null }
      },
      "11": {
        "start": { "line": 28, "column": 8 },
        "end": { "line": 28, "column": 95 }
      },
      "12": {
        "start": { "line": 32, "column": 6 },
        "end": { "line": 34, "column": null }
      },
      "13": {
        "start": { "line": 33, "column": 8 },
        "end": { "line": 33, "column": 89 }
      },
      "14": {
        "start": { "line": 37, "column": 20 },
        "end": { "line": 43, "column": 8 }
      },
      "15": {
        "start": { "line": 45, "column": 6 },
        "end": { "line": 49, "column": 9 }
      },
      "16": {
        "start": { "line": 10, "column": 4 },
        "end": { "line": 10, "column": 43 }
      },
      "17": {
        "start": { "line": 54, "column": 0 },
        "end": { "line": 54, "column": 31 }
      }
    },
    "fnMap": {
      "0": {
        "name": "(anonymous_8)",
        "decl": {
          "start": { "line": 9, "column": 2 },
          "end": { "line": 9, "column": null }
        },
        "loc": {
          "start": { "line": 9, "column": 2 },
          "end": { "line": 11, "column": 3 }
        }
      },
      "1": {
        "name": "(anonymous_9)",
        "decl": {
          "start": { "line": 14, "column": 4 },
          "end": { "line": 14, "column": 11 }
        },
        "loc": {
          "start": { "line": 14, "column": 77 },
          "end": { "line": 50, "column": null }
        }
      },
      "2": {
        "name": "(anonymous_10)",
        "decl": {
          "start": { "line": 14, "column": 77 },
          "end": { "line": 14, "column": null }
        },
        "loc": {
          "start": { "line": 14, "column": 77 },
          "end": { "line": 50, "column": 5 }
        }
      }
    },
    "branchMap": {
      "0": {
        "loc": {
          "start": { "line": 17, "column": 6 },
          "end": { "line": 19, "column": null }
        },
        "type": "if",
        "locations": [
          {
            "start": { "line": 17, "column": 6 },
            "end": { "line": 19, "column": null }
          }
        ]
      },
      "1": {
        "loc": {
          "start": { "line": 17, "column": 10 },
          "end": { "line": 17, "column": 33 }
        },
        "type": "binary-expr",
        "locations": [
          {
            "start": { "line": 17, "column": 10 },
            "end": { "line": 17, "column": 21 }
          },
          {
            "start": { "line": 17, "column": 25 },
            "end": { "line": 17, "column": 33 }
          }
        ]
      },
      "2": {
        "loc": {
          "start": { "line": 22, "column": 6 },
          "end": { "line": 24, "column": null }
        },
        "type": "if",
        "locations": [
          {
            "start": { "line": 22, "column": 6 },
            "end": { "line": 24, "column": null }
          }
        ]
      },
      "3": {
        "loc": {
          "start": { "line": 27, "column": 6 },
          "end": { "line": 29, "column": null }
        },
        "type": "if",
        "locations": [
          {
            "start": { "line": 27, "column": 6 },
            "end": { "line": 29, "column": null }
          }
        ]
      },
      "4": {
        "loc": {
          "start": { "line": 27, "column": 10 },
          "end": { "line": 27, "column": 55 }
        },
        "type": "binary-expr",
        "locations": [
          {
            "start": { "line": 27, "column": 10 },
            "end": { "line": 27, "column": 39 }
          },
          {
            "start": { "line": 27, "column": 43 },
            "end": { "line": 27, "column": 55 }
          }
        ]
      },
      "5": {
        "loc": {
          "start": { "line": 32, "column": 6 },
          "end": { "line": 34, "column": null }
        },
        "type": "if",
        "locations": [
          {
            "start": { "line": 32, "column": 6 },
            "end": { "line": 34, "column": null }
          }
        ]
      },
      "6": {
        "loc": {
          "start": { "line": 32, "column": 10 },
          "end": { "line": 32, "column": 49 }
        },
        "type": "binary-expr",
        "locations": [
          {
            "start": { "line": 32, "column": 10 },
            "end": { "line": 32, "column": 36 }
          },
          {
            "start": { "line": 32, "column": 40 },
            "end": { "line": 32, "column": 49 }
          }
        ]
      }
    },
    "s": {
      "0": 1,
      "1": 1,
      "2": 1,
      "3": 7,
      "4": 7,
      "5": 7,
      "6": 7,
      "7": 2,
      "8": 5,
      "9": 1,
      "10": 4,
      "11": 1,
      "12": 3,
      "13": 1,
      "14": 2,
      "15": 2,
      "16": 7,
      "17": 1
    },
    "f": { "0": 7, "1": 7, "2": 7 },
    "b": {
      "0": [2],
      "1": [7, 6],
      "2": [1],
      "3": [1],
      "4": [4, 2],
      "5": [1],
      "6": [3, 2]
    }
  },
  "/home/kalpesh/Desktop/HiringTests/advanced-user-analytics-api-v1/src/api/v1/middleware/async.middleware.ts": {
    "path": "/home/kalpesh/Desktop/HiringTests/advanced-user-analytics-api-v1/src/api/v1/middleware/async.middleware.ts",
    "statementMap": {
      "0": {
        "start": { "line": 9, "column": 2 },
        "end": { "line": 18, "column": 4 }
      },
      "1": {
        "start": { "line": 12, "column": 2 },
        "end": { "line": 18, "column": 4 }
      },
      "2": {
        "start": { "line": 12, "column": 75 },
        "end": { "line": 18, "column": 4 }
      },
      "3": {
        "start": { "line": 13, "column": 4 },
        "end": { "line": 17, "column": null }
      },
      "4": {
        "start": { "line": 14, "column": 21 },
        "end": { "line": 14, "column": 45 }
      },
      "5": {
        "start": { "line": 16, "column": 6 },
        "end": { "line": 16, "column": 18 }
      },
      "6": {
        "start": { "line": 20, "column": 0 },
        "end": { "line": 20, "column": 28 }
      }
    },
    "fnMap": {
      "0": {
        "name": "(anonymous_7)",
        "decl": {
          "start": { "line": 9, "column": 2 },
          "end": { "line": 9, "column": null }
        },
        "loc": {
          "start": { "line": 12, "column": 2 },
          "end": { "line": 18, "column": 4 }
        }
      },
      "1": {
        "name": "(anonymous_8)",
        "decl": {
          "start": { "line": 12, "column": 2 },
          "end": { "line": 12, "column": 9 }
        },
        "loc": {
          "start": { "line": 12, "column": 75 },
          "end": { "line": 18, "column": 4 }
        }
      },
      "2": {
        "name": "(anonymous_9)",
        "decl": {
          "start": { "line": 12, "column": 75 },
          "end": { "line": 12, "column": null }
        },
        "loc": {
          "start": { "line": 12, "column": 75 },
          "end": { "line": 18, "column": 3 }
        }
      }
    },
    "branchMap": {},
    "s": { "0": 1, "1": 7, "2": 7, "3": 7, "4": 7, "5": 0, "6": 1 },
    "f": { "0": 7, "1": 7, "2": 7 },
    "b": {}
  },
  "/home/kalpesh/Desktop/HiringTests/advanced-user-analytics-api-v1/src/api/v1/middleware/error.middleware.ts": {
    "path": "/home/kalpesh/Desktop/HiringTests/advanced-user-analytics-api-v1/src/api/v1/middleware/error.middleware.ts",
    "statementMap": {
      "0": {
        "start": { "line": 10, "column": 17 },
        "end": { "line": 10, "column": 36 }
      },
      "1": {
        "start": { "line": 11, "column": 18 },
        "end": { "line": 11, "column": 57 }
      },
      "2": {
        "start": { "line": 12, "column": 2 },
        "end": { "line": 15, "column": 5 }
      },
      "3": {
        "start": { "line": 18, "column": 0 },
        "end": { "line": 18, "column": 31 }
      }
    },
    "fnMap": {
      "0": {
        "name": "errorMiddleware",
        "decl": {
          "start": { "line": 4, "column": 9 },
          "end": { "line": 4, "column": 24 }
        },
        "loc": {
          "start": { "line": 8, "column": 21 },
          "end": { "line": 16, "column": 1 }
        }
      }
    },
    "branchMap": {
      "0": {
        "loc": {
          "start": { "line": 10, "column": 17 },
          "end": { "line": 10, "column": 36 }
        },
        "type": "binary-expr",
        "locations": [
          {
            "start": { "line": 10, "column": 17 },
            "end": { "line": 10, "column": 29 }
          },
          {
            "start": { "line": 10, "column": 33 },
            "end": { "line": 10, "column": 36 }
          }
        ]
      },
      "1": {
        "loc": {
          "start": { "line": 11, "column": 18 },
          "end": { "line": 11, "column": 57 }
        },
        "type": "binary-expr",
        "locations": [
          {
            "start": { "line": 11, "column": 18 },
            "end": { "line": 11, "column": 31 }
          },
          {
            "start": { "line": 11, "column": 35 },
            "end": { "line": 11, "column": 57 }
          }
        ]
      }
    },
    "s": { "0": 0, "1": 0, "2": 0, "3": 0 },
    "f": { "0": 0 },
    "b": { "0": [0, 0], "1": [0, 0] }
  },
  "/home/kalpesh/Desktop/HiringTests/advanced-user-analytics-api-v1/src/api/v1/middleware/errorLogger.middleware.ts": {
    "path": "/home/kalpesh/Desktop/HiringTests/advanced-user-analytics-api-v1/src/api/v1/middleware/errorLogger.middleware.ts",
    "statementMap": {
      "0": {
        "start": { "line": 2, "column": 0 },
        "end": { "line": 2, "column": 49 }
      },
      "1": {
        "start": { "line": 4, "column": 20 },
        "end": { "line": 12, "column": 1 }
      },
      "2": {
        "start": { "line": 10, "column": 2 },
        "end": { "line": 10, "column": 28 }
      },
      "3": {
        "start": { "line": 11, "column": 2 },
        "end": { "line": 11, "column": 12 }
      },
      "4": {
        "start": { "line": 14, "column": 0 },
        "end": { "line": 14, "column": 27 }
      }
    },
    "fnMap": {
      "0": {
        "name": "(anonymous_0)",
        "decl": {
          "start": { "line": 4, "column": 20 },
          "end": { "line": 4, "column": null }
        },
        "loc": {
          "start": { "line": 9, "column": 4 },
          "end": { "line": 12, "column": 1 }
        }
      }
    },
    "branchMap": {},
    "s": { "0": 0, "1": 0, "2": 0, "3": 0, "4": 0 },
    "f": { "0": 0 },
    "b": {}
  },
  "/home/kalpesh/Desktop/HiringTests/advanced-user-analytics-api-v1/src/api/v1/middleware/requestLogger.middleware.ts": {
    "path": "/home/kalpesh/Desktop/HiringTests/advanced-user-analytics-api-v1/src/api/v1/middleware/requestLogger.middleware.ts",
    "statementMap": {
      "0": {
        "start": { "line": 2, "column": 0 },
        "end": { "line": 2, "column": 49 }
      },
      "1": {
        "start": { "line": 4, "column": 22 },
        "end": { "line": 7, "column": 1 }
      },
      "2": {
        "start": { "line": 5, "column": 2 },
        "end": { "line": 5, "column": 50 }
      },
      "3": {
        "start": { "line": 6, "column": 2 },
        "end": { "line": 6, "column": 9 }
      },
      "4": {
        "start": { "line": 9, "column": 0 },
        "end": { "line": 9, "column": 29 }
      }
    },
    "fnMap": {
      "0": {
        "name": "(anonymous_0)",
        "decl": {
          "start": { "line": 4, "column": 22 },
          "end": { "line": 4, "column": 23 }
        },
        "loc": {
          "start": { "line": 4, "column": 74 },
          "end": { "line": 7, "column": 1 }
        }
      }
    },
    "branchMap": {},
    "s": { "0": 0, "1": 0, "2": 0, "3": 0, "4": 0 },
    "f": { "0": 0 },
    "b": {}
  },
  "/home/kalpesh/Desktop/HiringTests/advanced-user-analytics-api-v1/src/api/v1/middleware/validation.middleware.ts": {
    "path": "/home/kalpesh/Desktop/HiringTests/advanced-user-analytics-api-v1/src/api/v1/middleware/validation.middleware.ts",
    "statementMap": {
      "0": {
        "start": { "line": 5, "column": 2 },
        "end": { "line": 27, "column": 4 }
      },
      "1": {
        "start": { "line": 9, "column": 21 },
        "end": { "line": 27, "column": 4 }
      },
      "2": {
        "start": { "line": 10, "column": 30 },
        "end": { "line": 14, "column": 6 }
      },
      "3": {
        "start": { "line": 16, "column": 4 },
        "end": { "line": 26, "column": null }
      },
      "4": {
        "start": { "line": 17, "column": 20 },
        "end": { "line": 17, "column": 75 }
      },
      "5": {
        "start": { "line": 18, "column": 6 },
        "end": { "line": 18, "column": 23 }
      },
      "6": {
        "start": { "line": 19, "column": 6 },
        "end": { "line": 19, "column": 13 }
      },
      "7": {
        "start": { "line": 21, "column": 31 },
        "end": { "line": 21, "column": 33 }
      },
      "8": {
        "start": { "line": 22, "column": 6 },
        "end": { "line": 24, "column": 9 }
      },
      "9": {
        "start": { "line": 23, "column": 8 },
        "end": { "line": 23, "column": 35 }
      },
      "10": {
        "start": { "line": 25, "column": 6 },
        "end": { "line": 25, "column": 47 }
      },
      "11": {
        "start": { "line": 30, "column": 0 },
        "end": { "line": 30, "column": 36 }
      }
    },
    "fnMap": {
      "0": {
        "name": "validationMiddleware",
        "decl": {
          "start": { "line": 4, "column": 9 },
          "end": { "line": 4, "column": 29 }
        },
        "loc": {
          "start": { "line": 4, "column": 48 },
          "end": { "line": 28, "column": 1 }
        }
      },
      "1": {
        "name": "(anonymous_8)",
        "decl": {
          "start": { "line": 5, "column": 9 },
          "end": { "line": 5, "column": null }
        },
        "loc": {
          "start": { "line": 9, "column": 21 },
          "end": { "line": 27, "column": 4 }
        }
      },
      "2": {
        "name": "(anonymous_9)",
        "decl": {
          "start": { "line": 9, "column": 21 },
          "end": { "line": 9, "column": null }
        },
        "loc": {
          "start": { "line": 9, "column": 21 },
          "end": { "line": 27, "column": 3 }
        }
      },
      "3": {
        "name": "(anonymous_10)",
        "decl": {
          "start": { "line": 22, "column": 24 },
          "end": { "line": 22, "column": 25 }
        },
        "loc": {
          "start": { "line": 22, "column": 59 },
          "end": { "line": 24, "column": 7 }
        }
      }
    },
    "branchMap": {},
    "s": {
      "0": 0,
      "1": 0,
      "2": 0,
      "3": 0,
      "4": 0,
      "5": 0,
      "6": 0,
      "7": 0,
      "8": 0,
      "9": 0,
      "10": 0,
      "11": 0
    },
    "f": { "0": 0, "1": 0, "2": 0, "3": 0 },
    "b": {}
  },
  "/home/kalpesh/Desktop/HiringTests/advanced-user-analytics-api-v1/src/api/v1/models/connect.ts": {
    "path": "/home/kalpesh/Desktop/HiringTests/advanced-user-analytics-api-v1/src/api/v1/models/connect.ts",
    "statementMap": {
      "0": {
        "start": { "line": 1, "column": 0 },
        "end": { "line": 1, "column": 50 }
      },
      "1": {
        "start": { "line": 2, "column": 0 },
        "end": { "line": 2, "column": 46 }
      },
      "2": {
        "start": { "line": 9, "column": 4 },
        "end": { "line": 23, "column": 7 }
      },
      "3": {
        "start": { "line": 27, "column": 4 },
        "end": { "line": 29, "column": null }
      },
      "4": {
        "start": { "line": 28, "column": 6 },
        "end": { "line": 28, "column": 55 }
      },
      "5": {
        "start": { "line": 30, "column": 4 },
        "end": { "line": 30, "column": 36 }
      },
      "6": {
        "start": { "line": 34, "column": 4 },
        "end": { "line": 40, "column": null }
      },
      "7": {
        "start": { "line": 35, "column": 6 },
        "end": { "line": 35, "column": 42 }
      },
      "8": {
        "start": { "line": 37, "column": 6 },
        "end": { "line": 37, "column": 67 }
      },
      "9": {
        "start": { "line": 39, "column": 6 },
        "end": { "line": 39, "column": 71 }
      },
      "10": {
        "start": { "line": 44, "column": 4 },
        "end": { "line": 49, "column": null }
      },
      "11": {
        "start": { "line": 45, "column": 6 },
        "end": { "line": 45, "column": 46 }
      },
      "12": {
        "start": { "line": 46, "column": 6 },
        "end": { "line": 46, "column": 63 }
      },
      "13": {
        "start": { "line": 48, "column": 6 },
        "end": { "line": 48, "column": 68 }
      },
      "14": {
        "start": { "line": 53, "column": 4 },
        "end": { "line": 58, "column": null }
      },
      "15": {
        "start": { "line": 54, "column": 6 },
        "end": { "line": 54, "column": 35 }
      },
      "16": {
        "start": { "line": 55, "column": 6 },
        "end": { "line": 55, "column": 49 }
      },
      "17": {
        "start": { "line": 57, "column": 6 },
        "end": { "line": 57, "column": 69 }
      },
      "18": {
        "start": { "line": 62, "column": 4 },
        "end": { "line": 71, "column": null }
      },
      "19": {
        "start": { "line": 63, "column": 22 },
        "end": { "line": 66, "column": 8 }
      },
      "20": {
        "start": { "line": 67, "column": 6 },
        "end": { "line": 67, "column": 28 }
      },
      "21": {
        "start": { "line": 69, "column": 6 },
        "end": { "line": 69, "column": 53 }
      },
      "22": {
        "start": { "line": 70, "column": 6 },
        "end": { "line": 70, "column": 18 }
      },
      "23": {
        "start": { "line": 75, "column": 0 },
        "end": { "line": 75, "column": 31 }
      }
    },
    "fnMap": {
      "0": {
        "name": "(anonymous_8)",
        "decl": {
          "start": { "line": 8, "column": 2 },
          "end": { "line": 8, "column": null }
        },
        "loc": {
          "start": { "line": 8, "column": 2 },
          "end": { "line": 24, "column": 3 }
        }
      },
      "1": {
        "name": "(anonymous_9)",
        "decl": {
          "start": { "line": 26, "column": 9 },
          "end": { "line": 26, "column": 15 }
        },
        "loc": {
          "start": { "line": 26, "column": 27 },
          "end": { "line": 31, "column": 3 }
        }
      },
      "2": {
        "name": "(anonymous_10)",
        "decl": {
          "start": { "line": 33, "column": 15 },
          "end": { "line": 33, "column": 22 }
        },
        "loc": {
          "start": { "line": 33, "column": 22 },
          "end": { "line": 41, "column": null }
        }
      },
      "3": {
        "name": "(anonymous_12)",
        "decl": {
          "start": { "line": 43, "column": 15 },
          "end": { "line": 43, "column": 30 }
        },
        "loc": {
          "start": { "line": 43, "column": 30 },
          "end": { "line": 50, "column": null }
        }
      },
      "4": {
        "name": "(anonymous_14)",
        "decl": {
          "start": { "line": 52, "column": 15 },
          "end": { "line": 52, "column": 20 }
        },
        "loc": {
          "start": { "line": 52, "column": 20 },
          "end": { "line": 59, "column": null }
        }
      },
      "5": {
        "name": "(anonymous_16)",
        "decl": {
          "start": { "line": 61, "column": 15 },
          "end": { "line": 61, "column": 27 }
        },
        "loc": {
          "start": { "line": 61, "column": 70 },
          "end": { "line": 72, "column": null }
        }
      }
    },
    "branchMap": {
      "0": {
        "loc": {
          "start": { "line": 27, "column": 4 },
          "end": { "line": 29, "column": null }
        },
        "type": "if",
        "locations": [
          {
            "start": { "line": 27, "column": 4 },
            "end": { "line": 29, "column": null }
          }
        ]
      },
      "1": {
        "loc": {
          "start": { "line": 61, "column": 52 },
          "end": { "line": 61, "column": 70 }
        },
        "type": "default-arg",
        "locations": [
          {
            "start": { "line": 61, "column": 68 },
            "end": { "line": 61, "column": 70 }
          }
        ]
      }
    },
    "s": {
      "0": 0,
      "1": 0,
      "2": 0,
      "3": 0,
      "4": 0,
      "5": 0,
      "6": 0,
      "7": 0,
      "8": 0,
      "9": 0,
      "10": 0,
      "11": 0,
      "12": 0,
      "13": 0,
      "14": 0,
      "15": 0,
      "16": 0,
      "17": 0,
      "18": 0,
      "19": 0,
      "20": 0,
      "21": 0,
      "22": 0,
      "23": 0
    },
    "f": { "0": 0, "1": 0, "2": 0, "3": 0, "4": 0, "5": 0 },
    "b": { "0": [0], "1": [0] }
  },
  "/home/kalpesh/Desktop/HiringTests/advanced-user-analytics-api-v1/src/api/v1/models/schema/event.model.ts": {
    "path": "/home/kalpesh/Desktop/HiringTests/advanced-user-analytics-api-v1/src/api/v1/models/schema/event.model.ts",
    "statementMap": {
      "0": {
        "start": { "line": 1, "column": 0 },
        "end": { "line": 1, "column": 70 }
      },
      "1": {
        "start": { "line": 10, "column": 0 },
        "end": { "line": 49, "column": null }
      },
      "2": {
        "start": { "line": 16, "column": 2 },
        "end": { "line": 16, "column": null }
      },
      "3": {
        "start": { "line": 22, "column": 2 },
        "end": { "line": 22, "column": null }
      },
      "4": {
        "start": { "line": 28, "column": 2 },
        "end": { "line": 28, "column": null }
      },
      "5": {
        "start": { "line": 34, "column": 2 },
        "end": { "line": 34, "column": null }
      },
      "6": {
        "start": { "line": 40, "column": 2 },
        "end": { "line": 40, "column": null }
      },
      "7": {
        "start": { "line": 47, "column": 2 },
        "end": { "line": 47, "column": null }
      },
      "8": {
        "start": { "line": 10, "column": 13 },
        "end": { "line": 49, "column": null }
      },
      "9": {
        "start": { "line": 10, "column": 13 },
        "end": { "line": 10, "column": 18 }
      }
    },
    "fnMap": {},
    "branchMap": {},
    "s": {
      "0": 1,
      "1": 1,
      "2": 1,
      "3": 1,
      "4": 1,
      "5": 1,
      "6": 1,
      "7": 1,
      "8": 1,
      "9": 1
    },
    "f": {},
    "b": {}
  },
  "/home/kalpesh/Desktop/HiringTests/advanced-user-analytics-api-v1/src/api/v1/routes/analytics.routes.ts": {
    "path": "/home/kalpesh/Desktop/HiringTests/advanced-user-analytics-api-v1/src/api/v1/routes/analytics.routes.ts",
    "statementMap": {
      "0": {
        "start": { "line": 1, "column": 0 },
        "end": { "line": 1, "column": 33 }
      },
      "1": {
        "start": { "line": 2, "column": 0 },
        "end": { "line": 2, "column": 70 }
      },
      "2": {
        "start": { "line": 5, "column": 9 },
        "end": { "line": 5, "column": 29 }
      },
      "3": {
        "start": { "line": 6, "column": 9 },
        "end": { "line": 6, "column": 27 }
      },
      "4": {
        "start": { "line": 7, "column": 10 },
        "end": { "line": 7, "column": 58 }
      },
      "5": {
        "start": { "line": 10, "column": 4 },
        "end": { "line": 10, "column": 28 }
      },
      "6": {
        "start": { "line": 14, "column": 4 },
        "end": { "line": 14, "column": 97 }
      },
      "7": {
        "start": { "line": 18, "column": 0 },
        "end": { "line": 18, "column": 30 }
      }
    },
    "fnMap": {
      "0": {
        "name": "(anonymous_1)",
        "decl": {
          "start": { "line": 9, "column": 2 },
          "end": { "line": 9, "column": null }
        },
        "loc": {
          "start": { "line": 9, "column": 2 },
          "end": { "line": 11, "column": 3 }
        }
      },
      "1": {
        "name": "(anonymous_2)",
        "decl": {
          "start": { "line": 13, "column": 10 },
          "end": { "line": 13, "column": 26 }
        },
        "loc": {
          "start": { "line": 13, "column": 26 },
          "end": { "line": 15, "column": 3 }
        }
      }
    },
    "branchMap": {},
    "s": { "0": 0, "1": 0, "2": 0, "3": 0, "4": 0, "5": 0, "6": 0, "7": 0 },
    "f": { "0": 0, "1": 0 },
    "b": {}
  },
  "/home/kalpesh/Desktop/HiringTests/advanced-user-analytics-api-v1/src/api/v1/routes/event.routes.ts": {
    "path": "/home/kalpesh/Desktop/HiringTests/advanced-user-analytics-api-v1/src/api/v1/routes/event.routes.ts",
    "statementMap": {
      "0": {
        "start": { "line": 1, "column": 0 },
        "end": { "line": 1, "column": 33 }
      },
      "1": {
        "start": { "line": 2, "column": 0 },
        "end": { "line": 2, "column": 62 }
      },
      "2": {
        "start": { "line": 3, "column": 0 },
        "end": { "line": 3, "column": 71 }
      },
      "3": {
        "start": { "line": 4, "column": 0 },
        "end": { "line": 4, "column": 72 }
      },
      "4": {
        "start": { "line": 8, "column": 9 },
        "end": { "line": 8, "column": 26 }
      },
      "5": {
        "start": { "line": 9, "column": 9 },
        "end": { "line": 9, "column": 27 }
      },
      "6": {
        "start": { "line": 10, "column": 10 },
        "end": { "line": 10, "column": 50 }
      },
      "7": {
        "start": { "line": 13, "column": 4 },
        "end": { "line": 13, "column": 28 }
      },
      "8": {
        "start": { "line": 17, "column": 4 },
        "end": { "line": 17, "column": 119 }
      },
      "9": {
        "start": { "line": 21, "column": 0 },
        "end": { "line": 21, "column": 26 }
      }
    },
    "fnMap": {
      "0": {
        "name": "(anonymous_1)",
        "decl": {
          "start": { "line": 12, "column": 2 },
          "end": { "line": 12, "column": null }
        },
        "loc": {
          "start": { "line": 12, "column": 2 },
          "end": { "line": 14, "column": 3 }
        }
      },
      "1": {
        "name": "(anonymous_2)",
        "decl": {
          "start": { "line": 16, "column": 10 },
          "end": { "line": 16, "column": 26 }
        },
        "loc": {
          "start": { "line": 16, "column": 26 },
          "end": { "line": 18, "column": 3 }
        }
      }
    },
    "branchMap": {},
    "s": {
      "0": 0,
      "1": 0,
      "2": 0,
      "3": 0,
      "4": 0,
      "5": 0,
      "6": 0,
      "7": 0,
      "8": 0,
      "9": 0
    },
    "f": { "0": 0, "1": 0 },
    "b": {}
  },
  "/home/kalpesh/Desktop/HiringTests/advanced-user-analytics-api-v1/src/api/v1/services/analytics.service.ts": {
    "path": "/home/kalpesh/Desktop/HiringTests/advanced-user-analytics-api-v1/src/api/v1/services/analytics.service.ts",
    "statementMap": {
      "0": {
        "start": { "line": 1, "column": 0 },
        "end": { "line": 1, "column": 48 }
      },
      "1": {
        "start": { "line": 8, "column": 4 },
        "end": { "line": 8, "column": 51 }
      },
      "2": {
        "start": { "line": 12, "column": 18 },
        "end": { "line": 18, "column": 6 }
      },
      "3": {
        "start": { "line": 19, "column": 19 },
        "end": { "line": 19, "column": 59 }
      },
      "4": {
        "start": { "line": 21, "column": 4 },
        "end": { "line": 21, "column": 39 }
      },
      "5": {
        "start": { "line": 25, "column": 18 },
        "end": { "line": 33, "column": 6 }
      },
      "6": {
        "start": { "line": 34, "column": 19 },
        "end": { "line": 34, "column": 59 }
      },
      "7": {
        "start": { "line": 35, "column": 4 },
        "end": { "line": 35, "column": 30 }
      },
      "8": {
        "start": { "line": 36, "column": 4 },
        "end": { "line": 36, "column": 65 }
      },
      "9": {
        "start": { "line": 40, "column": 18 },
        "end": { "line": 59, "column": 6 }
      },
      "10": {
        "start": { "line": 60, "column": 19 },
        "end": { "line": 60, "column": 59 }
      },
      "11": {
        "start": { "line": 61, "column": 4 },
        "end": { "line": 61, "column": 36 }
      },
      "12": {
        "start": { "line": 65, "column": 22 },
        "end": { "line": 65, "column": 60 }
      },
      "13": {
        "start": { "line": 66, "column": 30 },
        "end": { "line": 66, "column": 63 }
      },
      "14": {
        "start": { "line": 67, "column": 26 },
        "end": { "line": 67, "column": 65 }
      },
      "15": {
        "start": { "line": 69, "column": 4 },
        "end": { "line": 74, "column": 6 }
      },
      "16": {
        "start": { "line": 78, "column": 0 },
        "end": { "line": 78, "column": 32 }
      }
    },
    "fnMap": {
      "0": {
        "name": "(anonymous_8)",
        "decl": {
          "start": { "line": 7, "column": 2 },
          "end": { "line": 7, "column": null }
        },
        "loc": {
          "start": { "line": 7, "column": 2 },
          "end": { "line": 9, "column": 3 }
        }
      },
      "1": {
        "name": "(anonymous_9)",
        "decl": {
          "start": { "line": 11, "column": 15 },
          "end": { "line": 11, "column": 34 }
        },
        "loc": {
          "start": { "line": 11, "column": 67 },
          "end": { "line": 22, "column": null }
        }
      },
      "2": {
        "name": "(anonymous_11)",
        "decl": {
          "start": { "line": 24, "column": 15 },
          "end": { "line": 24, "column": 35 }
        },
        "loc": {
          "start": { "line": 24, "column": 54 },
          "end": { "line": 37, "column": null }
        }
      },
      "3": {
        "name": "(anonymous_13)",
        "decl": {
          "start": { "line": 39, "column": 15 },
          "end": { "line": 39, "column": 35 }
        },
        "loc": {
          "start": { "line": 39, "column": 50 },
          "end": { "line": 62, "column": null }
        }
      },
      "4": {
        "name": "(anonymous_15)",
        "decl": {
          "start": { "line": 64, "column": 15 },
          "end": { "line": 64, "column": 38 }
        },
        "loc": {
          "start": { "line": 64, "column": 53 },
          "end": { "line": 75, "column": null }
        }
      }
    },
    "branchMap": {
      "0": {
        "loc": {
          "start": { "line": 11, "column": 51 },
          "end": { "line": 11, "column": 67 }
        },
        "type": "default-arg",
        "locations": [
          {
            "start": { "line": 11, "column": 66 },
            "end": { "line": 11, "column": 67 }
          }
        ]
      },
      "1": {
        "loc": {
          "start": { "line": 21, "column": 11 },
          "end": { "line": 21, "column": 38 }
        },
        "type": "binary-expr",
        "locations": [
          {
            "start": { "line": 21, "column": 11 },
            "end": { "line": 21, "column": 33 }
          },
          {
            "start": { "line": 21, "column": 37 },
            "end": { "line": 21, "column": 38 }
          }
        ]
      },
      "2": {
        "loc": {
          "start": { "line": 21, "column": 11 },
          "end": { "line": 21, "column": 33 }
        },
        "type": "cond-expr",
        "locations": [
          {
            "start": { "line": 21, "column": 20 },
            "end": { "line": 21, "column": 22 }
          },
          {
            "start": { "line": 21, "column": 20 },
            "end": { "line": 21, "column": 33 }
          }
        ]
      },
      "3": {
        "loc": {
          "start": { "line": 21, "column": 11 },
          "end": { "line": 21, "column": 22 }
        },
        "type": "binary-expr",
        "locations": [
          {
            "start": { "line": 21, "column": 11 },
            "end": { "line": 21, "column": 22 }
          },
          {
            "start": { "line": 21, "column": 20 },
            "end": { "line": 21, "column": 22 }
          }
        ]
      },
      "4": {
        "loc": {
          "start": { "line": 24, "column": 36 },
          "end": { "line": 24, "column": 54 }
        },
        "type": "default-arg",
        "locations": [
          {
            "start": { "line": 24, "column": 52 },
            "end": { "line": 24, "column": 54 }
          }
        ]
      },
      "5": {
        "loc": {
          "start": { "line": 36, "column": 11 },
          "end": { "line": 36, "column": 64 }
        },
        "type": "binary-expr",
        "locations": [
          {
            "start": { "line": 36, "column": 11 },
            "end": { "line": 36, "column": 33 }
          },
          {
            "start": { "line": 36, "column": 37 },
            "end": { "line": 36, "column": 64 }
          }
        ]
      },
      "6": {
        "loc": {
          "start": { "line": 36, "column": 11 },
          "end": { "line": 36, "column": 33 }
        },
        "type": "cond-expr",
        "locations": [
          {
            "start": { "line": 36, "column": 20 },
            "end": { "line": 36, "column": 22 }
          },
          {
            "start": { "line": 36, "column": 20 },
            "end": { "line": 36, "column": 33 }
          }
        ]
      },
      "7": {
        "loc": {
          "start": { "line": 36, "column": 11 },
          "end": { "line": 36, "column": 22 }
        },
        "type": "binary-expr",
        "locations": [
          {
            "start": { "line": 36, "column": 11 },
            "end": { "line": 36, "column": 22 }
          },
          {
            "start": { "line": 36, "column": 20 },
            "end": { "line": 36, "column": 22 }
          }
        ]
      },
      "8": {
        "loc": {
          "start": { "line": 61, "column": 11 },
          "end": { "line": 61, "column": 35 }
        },
        "type": "binary-expr",
        "locations": [
          {
            "start": { "line": 61, "column": 11 },
            "end": { "line": 61, "column": 30 }
          },
          {
            "start": { "line": 61, "column": 34 },
            "end": { "line": 61, "column": 35 }
          }
        ]
      },
      "9": {
        "loc": {
          "start": { "line": 61, "column": 11 },
          "end": { "line": 61, "column": 30 }
        },
        "type": "cond-expr",
        "locations": [
          {
            "start": { "line": 61, "column": 20 },
            "end": { "line": 61, "column": 22 }
          },
          {
            "start": { "line": 61, "column": 20 },
            "end": { "line": 61, "column": 30 }
          }
        ]
      },
      "10": {
        "loc": {
          "start": { "line": 61, "column": 11 },
          "end": { "line": 61, "column": 22 }
        },
        "type": "binary-expr",
        "locations": [
          {
            "start": { "line": 61, "column": 11 },
            "end": { "line": 61, "column": 22 }
          },
          {
            "start": { "line": 61, "column": 20 },
            "end": { "line": 61, "column": 22 }
          }
        ]
      }
    },
    "s": {
      "0": 0,
      "1": 0,
      "2": 0,
      "3": 0,
      "4": 0,
      "5": 0,
      "6": 0,
      "7": 0,
      "8": 0,
      "9": 0,
      "10": 0,
      "11": 0,
      "12": 0,
      "13": 0,
      "14": 0,
      "15": 0,
      "16": 0
    },
    "f": { "0": 0, "1": 0, "2": 0, "3": 0, "4": 0 },
    "b": {
      "0": [0],
      "1": [0, 0],
      "2": [0, 0],
      "3": [0, 0],
      "4": [0],
      "5": [0, 0],
      "6": [0, 0],
      "7": [0, 0],
      "8": [0, 0],
      "9": [0, 0],
      "10": [0, 0]
    }
  },
  "/home/kalpesh/Desktop/HiringTests/advanced-user-analytics-api-v1/src/api/v1/services/event.service.ts": {
    "path": "/home/kalpesh/Desktop/HiringTests/advanced-user-analytics-api-v1/src/api/v1/services/event.service.ts",
    "statementMap": {
      "0": {
        "start": { "line": 2, "column": 0 },
        "end": { "line": 2, "column": 52 }
      },
      "1": {
        "start": { "line": 16, "column": 18 },
        "end": { "line": 22, "column": 6 }
      },
      "2": {
        "start": { "line": 24, "column": 4 },
        "end": { "line": 24, "column": 17 }
      },
      "3": {
        "start": { "line": 29, "column": 0 },
        "end": { "line": 29, "column": 28 }
      }
    },
    "fnMap": {
      "0": {
        "name": "(anonymous_7)",
        "decl": {
          "start": { "line": 15, "column": 15 },
          "end": { "line": 15, "column": 26 }
        },
        "loc": {
          "start": { "line": 15, "column": 53 },
          "end": { "line": 25, "column": null }
        }
      }
    },
    "branchMap": {
      "0": {
        "loc": {
          "start": { "line": 19, "column": 16 },
          "end": { "line": 19, "column": 42 }
        },
        "type": "binary-expr",
        "locations": [
          {
            "start": { "line": 19, "column": 16 },
            "end": { "line": 19, "column": 34 }
          },
          {
            "start": { "line": 19, "column": 38 },
            "end": { "line": 19, "column": 42 }
          }
        ]
      },
      "1": {
        "loc": {
          "start": { "line": 20, "column": 19 },
          "end": { "line": 20, "column": 48 }
        },
        "type": "binary-expr",
        "locations": [
          {
            "start": { "line": 20, "column": 19 },
            "end": { "line": 20, "column": 40 }
          },
          {
            "start": { "line": 20, "column": 44 },
            "end": { "line": 20, "column": 48 }
          }
        ]
      },
      "2": {
        "loc": {
          "start": { "line": 21, "column": 17 },
          "end": { "line": 21, "column": 50 }
        },
        "type": "binary-expr",
        "locations": [
          {
            "start": { "line": 21, "column": 17 },
            "end": { "line": 21, "column": 36 }
          },
          {
            "start": { "line": 21, "column": 40 },
            "end": { "line": 21, "column": 50 }
          }
        ]
      }
    },
    "s": { "0": 1, "1": 0, "2": 0, "3": 1 },
    "f": { "0": 0 },
    "b": { "0": [0, 0], "1": [0, 0], "2": [0, 0] }
  },
  "/home/kalpesh/Desktop/HiringTests/advanced-user-analytics-api-v1/src/api/v1/utils/validateEnv.ts": {
    "path": "/home/kalpesh/Desktop/HiringTests/advanced-user-analytics-api-v1/src/api/v1/utils/validateEnv.ts",
    "statementMap": {
      "0": {
        "start": { "line": 1, "column": 0 },
        "end": { "line": 1, "column": 40 }
      },
      "1": {
        "start": { "line": 4, "column": 2 },
        "end": { "line": 13, "column": 5 }
      },
      "2": {
        "start": { "line": 18, "column": 0 },
        "end": { "line": 18, "column": 27 }
      }
    },
    "fnMap": {
      "0": {
        "name": "validateEnv",
        "decl": {
          "start": { "line": 3, "column": 9 },
          "end": { "line": 3, "column": 20 }
        },
        "loc": {
          "start": { "line": 3, "column": 20 },
          "end": { "line": 14, "column": 1 }
        }
      }
    },
    "branchMap": {},
    "s": { "0": 0, "1": 0, "2": 0 },
    "f": { "0": 0 },
    "b": {}
  },
  "/home/kalpesh/Desktop/HiringTests/advanced-user-analytics-api-v1/src/api/v1/utils/exceptions/http.exception.ts": {
    "path": "/home/kalpesh/Desktop/HiringTests/advanced-user-analytics-api-v1/src/api/v1/utils/exceptions/http.exception.ts",
    "statementMap": {
      "0": {
        "start": { "line": 6, "column": 4 },
        "end": { "line": 6, "column": 19 }
      },
      "1": {
        "start": { "line": 7, "column": 4 },
        "end": { "line": 7, "column": 25 }
      },
      "2": {
        "start": { "line": 8, "column": 4 },
        "end": { "line": 8, "column": 27 }
      },
      "3": {
        "start": { "line": 12, "column": 0 },
        "end": { "line": 12, "column": 29 }
      }
    },
    "fnMap": {
      "0": {
        "name": "(anonymous_0)",
        "decl": {
          "start": { "line": 5, "column": 2 },
          "end": { "line": 5, "column": 14 }
        },
        "loc": {
          "start": { "line": 5, "column": 45 },
          "end": { "line": 9, "column": 3 }
        }
      }
    },
    "branchMap": {},
    "s": { "0": 5, "1": 5, "2": 5, "3": 1 },
    "f": { "0": 5 },
    "b": {}
  },
  "/home/kalpesh/Desktop/HiringTests/advanced-user-analytics-api-v1/src/api/v1/utils/logging/logger.ts": {
    "path": "/home/kalpesh/Desktop/HiringTests/advanced-user-analytics-api-v1/src/api/v1/utils/logging/logger.ts",
    "statementMap": {
      "0": {
        "start": { "line": 1, "column": 0 },
        "end": { "line": 1, "column": 30 }
      },
      "1": {
        "start": { "line": 2, "column": 0 },
        "end": { "line": 2, "column": 33 }
      },
      "2": {
        "start": { "line": 3, "column": 0 },
        "end": { "line": 3, "column": 63 }
      },
      "3": {
        "start": { "line": 5, "column": 18 },
        "end": { "line": 10, "column": 2 }
      },
      "4": {
        "start": { "line": 12, "column": 15 },
        "end": { "line": 30, "column": 2 }
      },
      "5": {
        "start": { "line": 32, "column": 9 },
        "end": { "line": 32, "column": 15 }
      }
    },
    "fnMap": {},
    "branchMap": {},
    "s": { "0": 0, "1": 0, "2": 0, "3": 0, "4": 0, "5": 0 },
    "f": {},
    "b": {}
  },
  "/home/kalpesh/Desktop/HiringTests/advanced-user-analytics-api-v1/src/api/v1/utils/responses/response.ts": {
    "path": "/home/kalpesh/Desktop/HiringTests/advanced-user-analytics-api-v1/src/api/v1/utils/responses/response.ts",
    "statementMap": {
      "0": {
        "start": { "line": 5, "column": 0 },
        "end": { "line": 5, "column": null }
      },
      "1": {
        "start": { "line": 7, "column": 2 },
        "end": { "line": 7, "column": null }
      },
      "2": {
        "start": { "line": 8, "column": 2 },
        "end": { "line": 8, "column": null }
      },
      "3": {
        "start": { "line": 9, "column": 2 },
        "end": { "line": 9, "column": null }
      },
      "4": {
        "start": { "line": 12, "column": 2 },
        "end": { "line": 12, "column": null }
      },
      "5": {
        "start": { "line": 13, "column": 2 },
        "end": { "line": 13, "column": null }
      },
      "6": {
        "start": { "line": 14, "column": 2 },
        "end": { "line": 14, "column": null }
      },
      "7": {
        "start": { "line": 15, "column": 2 },
        "end": { "line": 15, "column": null }
      },
      "8": {
        "start": { "line": 18, "column": 2 },
        "end": { "line": 18, "column": null }
      },
      "9": {
        "start": { "line": 19, "column": 2 },
        "end": { "line": 19, "column": null }
      },
      "10": {
        "start": { "line": 20, "column": 2 },
        "end": { "line": 20, "column": null }
      },
      "11": {
        "start": { "line": 21, "column": 2 },
        "end": { "line": 21, "column": null }
      },
      "12": {
        "start": { "line": 22, "column": 2 },
        "end": { "line": 22, "column": null }
      },
      "13": {
        "start": { "line": 23, "column": 2 },
        "end": { "line": 23, "column": null }
      },
      "14": {
        "start": { "line": 26, "column": 2 },
        "end": { "line": 26, "column": null }
      },
      "15": {
        "start": { "line": 27, "column": 2 },
        "end": { "line": 27, "column": null }
      },
      "16": {
        "start": { "line": 28, "column": 2 },
        "end": { "line": 28, "column": null }
      },
      "17": {
        "start": { "line": 29, "column": 2 },
        "end": { "line": 29, "column": null }
      },
      "18": {
        "start": { "line": 30, "column": 2 },
        "end": { "line": 30, "column": null }
      },
      "19": {
        "start": { "line": 31, "column": 2 },
        "end": { "line": 31, "column": null }
      },
      "20": {
        "start": { "line": 32, "column": 2 },
        "end": { "line": 32, "column": null }
      },
      "21": {
        "start": { "line": 35, "column": 2 },
        "end": { "line": 35, "column": null }
      },
      "22": {
        "start": { "line": 36, "column": 2 },
        "end": { "line": 36, "column": null }
      },
      "23": {
        "start": { "line": 37, "column": 2 },
        "end": { "line": 37, "column": null }
      },
      "24": {
        "start": { "line": 38, "column": 2 },
        "end": { "line": 38, "column": null }
      },
      "25": {
        "start": { "line": 39, "column": 2 },
        "end": { "line": 39, "column": null }
      },
      "26": {
        "start": { "line": 58, "column": 28 },
        "end": { "line": 82, "column": 1 }
      },
      "27": {
        "start": { "line": 65, "column": 6 },
        "end": { "line": 65, "column": 13 }
      },
      "28": {
        "start": { "line": 67, "column": 19 },
        "end": { "line": 72, "column": 4 }
      },
      "29": {
        "start": { "line": 74, "column": 2 },
        "end": { "line": 74, "column": 21 }
      },
      "30": {
        "start": { "line": 77, "column": 2 },
        "end": { "line": 79, "column": 5 }
      },
      "31": {
        "start": { "line": 78, "column": 4 },
        "end": { "line": 78, "column": 37 }
      },
      "32": {
        "start": { "line": 81, "column": 2 },
        "end": { "line": 81, "column": 21 }
      },
      "33": {
        "start": { "line": 58, "column": 13 },
        "end": { "line": 58, "column": 28 }
      },
      "34": {
        "start": { "line": 84, "column": 25 },
        "end": { "line": 104, "column": 1 }
      },
      "35": {
        "start": { "line": 89, "column": 6 },
        "end": { "line": 89, "column": 13 }
      },
      "36": {
        "start": { "line": 91, "column": 19 },
        "end": { "line": 94, "column": 4 }
      },
      "37": {
        "start": { "line": 96, "column": 2 },
        "end": { "line": 96, "column": 21 }
      },
      "38": {
        "start": { "line": 99, "column": 2 },
        "end": { "line": 101, "column": 5 }
      },
      "39": {
        "start": { "line": 100, "column": 4 },
        "end": { "line": 100, "column": 37 }
      },
      "40": {
        "start": { "line": 103, "column": 2 },
        "end": { "line": 103, "column": 21 }
      },
      "41": {
        "start": { "line": 84, "column": 13 },
        "end": { "line": 84, "column": 25 }
      },
      "42": {
        "start": { "line": 106, "column": 28 },
        "end": { "line": 126, "column": 1 }
      },
      "43": {
        "start": { "line": 111, "column": 6 },
        "end": { "line": 111, "column": 13 }
      },
      "44": {
        "start": { "line": 113, "column": 19 },
        "end": { "line": 116, "column": 4 }
      },
      "45": {
        "start": { "line": 118, "column": 2 },
        "end": { "line": 118, "column": 21 }
      },
      "46": {
        "start": { "line": 121, "column": 2 },
        "end": { "line": 123, "column": 5 }
      },
      "47": {
        "start": { "line": 122, "column": 4 },
        "end": { "line": 122, "column": 37 }
      },
      "48": {
        "start": { "line": 125, "column": 2 },
        "end": { "line": 125, "column": 21 }
      },
      "49": {
        "start": { "line": 106, "column": 13 },
        "end": { "line": 106, "column": 28 }
      }
    },
    "fnMap": {
      "0": {
        "name": "(anonymous_0)",
        "decl": {
          "start": { "line": 5, "column": 0 },
          "end": { "line": 5, "column": 12 }
        },
        "loc": {
          "start": { "line": 5, "column": 26 },
          "end": { "line": 40, "column": 1 }
        }
      },
      "1": {
        "name": "(anonymous_1)",
        "decl": {
          "start": { "line": 58, "column": 28 },
          "end": { "line": 58, "column": 29 }
        },
        "loc": {
          "start": { "line": 58, "column": 78 },
          "end": { "line": 82, "column": 1 }
        }
      },
      "2": {
        "name": "(anonymous_2)",
        "decl": {
          "start": { "line": 77, "column": 31 },
          "end": { "line": 77, "column": 34 }
        },
        "loc": {
          "start": { "line": 77, "column": 37 },
          "end": { "line": 79, "column": 3 }
        }
      },
      "3": {
        "name": "(anonymous_3)",
        "decl": {
          "start": { "line": 84, "column": 25 },
          "end": { "line": 84, "column": 26 }
        },
        "loc": {
          "start": { "line": 84, "column": 75 },
          "end": { "line": 104, "column": 1 }
        }
      },
      "4": {
        "name": "(anonymous_4)",
        "decl": {
          "start": { "line": 99, "column": 31 },
          "end": { "line": 99, "column": 34 }
        },
        "loc": {
          "start": { "line": 99, "column": 37 },
          "end": { "line": 101, "column": 3 }
        }
      },
      "5": {
        "name": "(anonymous_5)",
        "decl": {
          "start": { "line": 106, "column": 28 },
          "end": { "line": 106, "column": 29 }
        },
        "loc": {
          "start": { "line": 106, "column": 78 },
          "end": { "line": 126, "column": 1 }
        }
      },
      "6": {
        "name": "(anonymous_6)",
        "decl": {
          "start": { "line": 121, "column": 31 },
          "end": { "line": 121, "column": 34 }
        },
        "loc": {
          "start": { "line": 121, "column": 37 },
          "end": { "line": 123, "column": 3 }
        }
      }
    },
    "branchMap": {
      "0": {
        "loc": {
          "start": { "line": 5, "column": 12 },
          "end": { "line": 5, "column": null }
        },
        "type": "binary-expr",
        "locations": [
          {
            "start": { "line": 5, "column": 12 },
            "end": { "line": 5, "column": 26 }
          },
          {
            "start": { "line": 5, "column": 12 },
            "end": { "line": 5, "column": null }
          }
        ]
      },
      "1": {
        "loc": {
          "start": { "line": 60, "column": 4 },
          "end": { "line": 60, "column": 30 }
        },
        "type": "default-arg",
        "locations": [
          {
            "start": { "line": 60, "column": 13 },
            "end": { "line": 60, "column": 30 }
          }
        ]
      },
      "2": {
        "loc": {
          "start": { "line": 61, "column": 4 },
          "end": { "line": 61, "column": 16 }
        },
        "type": "default-arg",
        "locations": [
          {
            "start": { "line": 61, "column": 14 },
            "end": { "line": 61, "column": 16 }
          }
        ]
      },
      "3": {
        "loc": {
          "start": { "line": 62, "column": 4 },
          "end": { "line": 62, "column": 23 }
        },
        "type": "default-arg",
        "locations": [
          {
            "start": { "line": 62, "column": 14 },
            "end": { "line": 62, "column": 23 }
          }
        ]
      },
      "4": {
        "loc": {
          "start": { "line": 63, "column": 4 },
          "end": { "line": 63, "column": 13 }
        },
        "type": "default-arg",
        "locations": [
          {
            "start": { "line": 63, "column": 11 },
            "end": { "line": 63, "column": 13 }
          }
        ]
      },
      "5": {
        "loc": {
          "start": { "line": 86, "column": 4 },
          "end": { "line": 86, "column": 49 }
        },
        "type": "default-arg",
        "locations": [
          {
            "start": { "line": 86, "column": 13 },
            "end": { "line": 86, "column": 49 }
          }
        ]
      },
      "6": {
        "loc": {
          "start": { "line": 87, "column": 4 },
          "end": { "line": 87, "column": 16 }
        },
        "type": "default-arg",
        "locations": [
          {
            "start": { "line": 87, "column": 14 },
            "end": { "line": 87, "column": 16 }
          }
        ]
      },
      "7": {
        "loc": {
          "start": { "line": 88, "column": 4 },
          "end": { "line": 88, "column": 37 }
        },
        "type": "default-arg",
        "locations": [
          {
            "start": { "line": 88, "column": 14 },
            "end": { "line": 88, "column": 37 }
          }
        ]
      },
      "8": {
        "loc": {
          "start": { "line": 108, "column": 4 },
          "end": { "line": 108, "column": 37 }
        },
        "type": "default-arg",
        "locations": [
          {
            "start": { "line": 108, "column": 13 },
            "end": { "line": 108, "column": 37 }
          }
        ]
      },
      "9": {
        "loc": {
          "start": { "line": 109, "column": 4 },
          "end": { "line": 109, "column": 16 }
        },
        "type": "default-arg",
        "locations": [
          {
            "start": { "line": 109, "column": 14 },
            "end": { "line": 109, "column": 16 }
          }
        ]
      },
      "10": {
        "loc": {
          "start": { "line": 110, "column": 4 },
          "end": { "line": 110, "column": 25 }
        },
        "type": "default-arg",
        "locations": [
          {
            "start": { "line": 110, "column": 14 },
            "end": { "line": 110, "column": 25 }
          }
        ]
      }
    },
    "s": {
      "0": 0,
      "1": 0,
      "2": 0,
      "3": 0,
      "4": 0,
      "5": 0,
      "6": 0,
      "7": 0,
      "8": 0,
      "9": 0,
      "10": 0,
      "11": 0,
      "12": 0,
      "13": 0,
      "14": 0,
      "15": 0,
      "16": 0,
      "17": 0,
      "18": 0,
      "19": 0,
      "20": 0,
      "21": 0,
      "22": 0,
      "23": 0,
      "24": 0,
      "25": 0,
      "26": 0,
      "27": 0,
      "28": 0,
      "29": 0,
      "30": 0,
      "31": 0,
      "32": 0,
      "33": 0,
      "34": 0,
      "35": 0,
      "36": 0,
      "37": 0,
      "38": 0,
      "39": 0,
      "40": 0,
      "41": 0,
      "42": 0,
      "43": 0,
      "44": 0,
      "45": 0,
      "46": 0,
      "47": 0,
      "48": 0,
      "49": 0
    },
    "f": { "0": 0, "1": 0, "2": 0, "3": 0, "4": 0, "5": 0, "6": 0 },
    "b": {
      "0": [0, 0],
      "1": [0],
      "2": [0],
      "3": [0],
      "4": [0],
      "5": [0],
      "6": [0],
      "7": [0],
      "8": [0],
      "9": [0],
      "10": [0]
    }
  },
  "/home/kalpesh/Desktop/HiringTests/advanced-user-analytics-api-v1/src/api/v1/utils/sendEmails/sendEmails.ts": {
    "path": "/home/kalpesh/Desktop/HiringTests/advanced-user-analytics-api-v1/src/api/v1/utils/sendEmails/sendEmails.ts",
    "statementMap": {
      "0": {
        "start": { "line": 1, "column": 0 },
        "end": { "line": 1, "column": 36 }
      },
      "1": {
        "start": { "line": 3, "column": 33 },
        "end": { "line": 3, "column": 67 }
      },
      "2": {
        "start": { "line": 4, "column": 27 },
        "end": { "line": 4, "column": 55 }
      },
      "3": {
        "start": { "line": 5, "column": 0 },
        "end": { "line": 5, "column": 35 }
      },
      "4": {
        "start": { "line": 7, "column": 18 },
        "end": { "line": 32, "column": 2 }
      },
      "5": {
        "start": { "line": 11, "column": 19 },
        "end": { "line": 32, "column": 2 }
      },
      "6": {
        "start": { "line": 12, "column": 14 },
        "end": { "line": 21, "column": 4 }
      },
      "7": {
        "start": { "line": 23, "column": 2 },
        "end": { "line": 31, "column": null }
      },
      "8": {
        "start": { "line": 24, "column": 21 },
        "end": { "line": 24, "column": 43 }
      },
      "9": {
        "start": { "line": 25, "column": 4 },
        "end": { "line": 25, "column": 39 }
      },
      "10": {
        "start": { "line": 27, "column": 4 },
        "end": { "line": 27, "column": 25 }
      },
      "11": {
        "start": { "line": 28, "column": 4 },
        "end": { "line": 30, "column": null }
      },
      "12": {
        "start": { "line": 29, "column": 6 },
        "end": { "line": 29, "column": 41 }
      },
      "13": {
        "start": { "line": 34, "column": 0 },
        "end": { "line": 34, "column": 25 }
      }
    },
    "fnMap": {
      "0": {
        "name": "(anonymous_8)",
        "decl": {
          "start": { "line": 7, "column": 18 },
          "end": { "line": 7, "column": null }
        },
        "loc": {
          "start": { "line": 11, "column": 19 },
          "end": { "line": 32, "column": 2 }
        }
      },
      "1": {
        "name": "(anonymous_9)",
        "decl": {
          "start": { "line": 11, "column": 19 },
          "end": { "line": 11, "column": null }
        },
        "loc": {
          "start": { "line": 11, "column": 19 },
          "end": { "line": 32, "column": 1 }
        }
      }
    },
    "branchMap": {
      "0": {
        "loc": {
          "start": { "line": 3, "column": 33 },
          "end": { "line": 3, "column": 67 }
        },
        "type": "binary-expr",
        "locations": [
          {
            "start": { "line": 3, "column": 33 },
            "end": { "line": 3, "column": 61 }
          },
          {
            "start": { "line": 3, "column": 65 },
            "end": { "line": 3, "column": 67 }
          }
        ]
      },
      "1": {
        "loc": {
          "start": { "line": 4, "column": 27 },
          "end": { "line": 4, "column": 55 }
        },
        "type": "binary-expr",
        "locations": [
          {
            "start": { "line": 4, "column": 27 },
            "end": { "line": 4, "column": 49 }
          },
          {
            "start": { "line": 4, "column": 53 },
            "end": { "line": 4, "column": 55 }
          }
        ]
      },
      "2": {
        "loc": {
          "start": { "line": 28, "column": 4 },
          "end": { "line": 30, "column": null }
        },
        "type": "if",
        "locations": [
          {
            "start": { "line": 28, "column": 4 },
            "end": { "line": 30, "column": null }
          }
        ]
      }
    },
    "s": {
      "0": 0,
      "1": 0,
      "2": 0,
      "3": 0,
      "4": 0,
      "5": 0,
      "6": 0,
      "7": 0,
      "8": 0,
      "9": 0,
      "10": 0,
      "11": 0,
      "12": 0,
      "13": 0
    },
    "f": { "0": 0, "1": 0 },
    "b": { "0": [0, 0], "1": [0, 0], "2": [0] }
  },
  "/home/kalpesh/Desktop/HiringTests/advanced-user-analytics-api-v1/src/api/v1/validations/event.validation.ts": {
    "path": "/home/kalpesh/Desktop/HiringTests/advanced-user-analytics-api-v1/src/api/v1/validations/event.validation.ts",
    "statementMap": {
      "0": {
        "start": { "line": 1, "column": 0 },
        "end": { "line": 1, "column": 22 }
      },
      "1": {
        "start": { "line": 3, "column": 13 },
        "end": { "line": 16, "column": 3 }
      }
    },
    "fnMap": {},
    "branchMap": {},
    "s": { "0": 0, "1": 0 },
    "f": {},
    "b": {}
  },
  "/home/kalpesh/Desktop/HiringTests/advanced-user-analytics-api-v1/src/config/database/index.ts": {
    "path": "/home/kalpesh/Desktop/HiringTests/advanced-user-analytics-api-v1/src/config/database/index.ts",
    "statementMap": {
      "0": {
        "start": { "line": 1, "column": 0 },
        "end": { "line": 1, "column": 28 }
      },
      "1": {
        "start": { "line": 5, "column": 0 },
        "end": { "line": 5, "column": 16 }
      },
      "2": {
        "start": { "line": 16, "column": 25 },
        "end": { "line": 25, "column": 2 }
      },
      "3": {
        "start": { "line": 28, "column": 0 },
        "end": { "line": 28, "column": 22 }
      }
    },
    "fnMap": {},
    "branchMap": {
      "0": {
        "loc": {
          "start": { "line": 17, "column": 12 },
          "end": { "line": 17, "column": 37 }
        },
        "type": "binary-expr",
        "locations": [
          {
            "start": { "line": 17, "column": 12 },
            "end": { "line": 17, "column": 31 }
          },
          {
            "start": { "line": 17, "column": 35 },
            "end": { "line": 17, "column": 37 }
          }
        ]
      },
      "1": {
        "loc": {
          "start": { "line": 18, "column": 12 },
          "end": { "line": 18, "column": 37 }
        },
        "type": "binary-expr",
        "locations": [
          {
            "start": { "line": 18, "column": 12 },
            "end": { "line": 18, "column": 31 }
          },
          {
            "start": { "line": 18, "column": 35 },
            "end": { "line": 18, "column": 37 }
          }
        ]
      },
      "2": {
        "loc": {
          "start": { "line": 19, "column": 16 },
          "end": { "line": 19, "column": 45 }
        },
        "type": "binary-expr",
        "locations": [
          {
            "start": { "line": 19, "column": 16 },
            "end": { "line": 19, "column": 39 }
          },
          {
            "start": { "line": 19, "column": 43 },
            "end": { "line": 19, "column": 45 }
          }
        ]
      },
      "3": {
        "loc": {
          "start": { "line": 20, "column": 12 },
          "end": { "line": 20, "column": 46 }
        },
        "type": "binary-expr",
        "locations": [
          {
            "start": { "line": 20, "column": 12 },
            "end": { "line": 20, "column": 31 }
          },
          {
            "start": { "line": 20, "column": 35 },
            "end": { "line": 20, "column": 46 }
          }
        ]
      }
    },
    "s": { "0": 0, "1": 0, "2": 0, "3": 0 },
    "f": {},
    "b": { "0": [0, 0], "1": [0, 0], "2": [0, 0], "3": [0, 0] }
  }
}
