TN:
SF:src/api/v1/app.ts
FN:19,(anonymous_8)
FN:30,(anonymous_9)
FN:55,(anonymous_11)
FN:66,(anonymous_12)
FN:67,(anonymous_13)
FN:72,(anonymous_14)
FN:76,(anonymous_15)
FN:77,(anonymous_16)
FN:82,(anonymous_17)
FNF:9
FNH:0
FNDA:0,(anonymous_8)
FNDA:0,(anonymous_9)
FNDA:0,(anonymous_11)
FNDA:0,(anonymous_12)
FNDA:0,(anonymous_13)
FNDA:0,(anonymous_14)
FNDA:0,(anonymous_15)
FNDA:0,(anonymous_16)
FNDA:0,(anonymous_17)
DA:1,0
DA:2,0
DA:3,0
DA:4,0
DA:6,0
DA:7,0
DA:8,0
DA:9,0
DA:10,0
DA:11,0
DA:20,0
DA:21,0
DA:23,0
DA:24,0
DA:25,0
DA:26,0
DA:31,0
DA:32,0
DA:42,0
DA:43,0
DA:46,0
DA:47,0
DA:49,0
DA:50,0
DA:56,0
DA:57,0
DA:58,0
DA:59,0
DA:60,0
DA:61,0
DA:62,0
DA:63,0
DA:67,0
DA:68,0
DA:73,0
DA:77,0
DA:78,0
DA:83,0
DA:84,0
DA:85,0
DA:90,0
LF:41
LH:0
BRDA:83,0,0,0
BRF:1
BRH:0
end_of_record
TN:
SF:src/api/v1/index.ts
FNF:0
FNH:0
DA:1,0
DA:2,0
DA:3,0
DA:4,0
DA:5,0
DA:6,0
DA:8,0
DA:10,0
LF:8
LH:0
BRF:0
BRH:0
end_of_record
TN:
SF:src/api/v1/controllers/analytics.controller.ts
FN:9,(anonymous_8)
FN:14,(anonymous_9)
FN:14,(anonymous_10)
FNF:3
FNH:0
FNDA:0,(anonymous_8)
FNDA:0,(anonymous_9)
FNDA:0,(anonymous_10)
DA:2,0
DA:3,0
DA:4,0
DA:10,0
DA:13,0
DA:14,0
DA:15,0
DA:17,0
DA:18,0
DA:21,0
DA:22,0
DA:23,0
DA:25,0
DA:37,0
LF:14
LH:0
BRDA:17,0,0,0
BRF:1
BRH:0
end_of_record
TN:
SF:src/api/v1/controllers/event.controller.ts
FN:9,(anonymous_8)
FN:14,(anonymous_9)
FN:14,(anonymous_10)
FNF:3
FNH:3
FNDA:7,(anonymous_8)
FNDA:7,(anonymous_9)
FNDA:7,(anonymous_10)
DA:2,1
DA:3,1
DA:4,1
DA:10,7
DA:13,7
DA:14,7
DA:15,7
DA:17,7
DA:18,2
DA:22,5
DA:23,1
DA:27,4
DA:28,1
DA:32,3
DA:33,1
DA:37,2
DA:45,2
DA:54,1
LF:18
LH:18
BRDA:17,0,0,2
BRDA:17,1,0,7
BRDA:17,1,1,6
BRDA:22,2,0,1
BRDA:27,3,0,1
BRDA:27,4,0,4
BRDA:27,4,1,2
BRDA:32,5,0,1
BRDA:32,6,0,3
BRDA:32,6,1,2
BRF:10
BRH:10
end_of_record
TN:
SF:src/api/v1/middleware/async.middleware.ts
FN:9,(anonymous_7)
FN:12,(anonymous_8)
FN:12,(anonymous_9)
FNF:3
FNH:3
FNDA:7,(anonymous_7)
FNDA:7,(anonymous_8)
FNDA:7,(anonymous_9)
DA:9,1
DA:12,7
DA:13,7
DA:14,7
DA:16,0
DA:20,1
LF:6
LH:5
BRF:0
BRH:0
end_of_record
TN:
SF:src/api/v1/middleware/error.middleware.ts
FN:4,errorMiddleware
FNF:1
FNH:0
FNDA:0,errorMiddleware
DA:10,0
DA:11,0
DA:12,0
DA:18,0
LF:4
LH:0
BRDA:10,0,0,0
BRDA:10,0,1,0
BRDA:11,1,0,0
BRDA:11,1,1,0
BRF:4
BRH:0
end_of_record
TN:
SF:src/api/v1/middleware/errorLogger.middleware.ts
FN:4,(anonymous_0)
FNF:1
FNH:0
FNDA:0,(anonymous_0)
DA:2,0
DA:4,0
DA:10,0
DA:11,0
DA:14,0
LF:5
LH:0
BRF:0
BRH:0
end_of_record
TN:
SF:src/api/v1/middleware/requestLogger.middleware.ts
FN:4,(anonymous_0)
FNF:1
FNH:0
FNDA:0,(anonymous_0)
DA:2,0
DA:4,0
DA:5,0
DA:6,0
DA:9,0
LF:5
LH:0
BRF:0
BRH:0
end_of_record
TN:
SF:src/api/v1/middleware/validation.middleware.ts
FN:4,validationMiddleware
FN:5,(anonymous_8)
FN:9,(anonymous_9)
FN:22,(anonymous_10)
FNF:4
FNH:0
FNDA:0,validationMiddleware
FNDA:0,(anonymous_8)
FNDA:0,(anonymous_9)
FNDA:0,(anonymous_10)
DA:5,0
DA:9,0
DA:10,0
DA:16,0
DA:17,0
DA:18,0
DA:19,0
DA:21,0
DA:22,0
DA:23,0
DA:25,0
DA:30,0
LF:12
LH:0
BRF:0
BRH:0
end_of_record
TN:
SF:src/api/v1/models/connect.ts
FN:8,(anonymous_8)
FN:26,(anonymous_9)
FN:33,(anonymous_10)
FN:43,(anonymous_12)
FN:52,(anonymous_14)
FN:61,(anonymous_16)
FNF:6
FNH:0
FNDA:0,(anonymous_8)
FNDA:0,(anonymous_9)
FNDA:0,(anonymous_10)
FNDA:0,(anonymous_12)
FNDA:0,(anonymous_14)
FNDA:0,(anonymous_16)
DA:1,0
DA:2,0
DA:9,0
DA:27,0
DA:28,0
DA:30,0
DA:34,0
DA:35,0
DA:37,0
DA:39,0
DA:44,0
DA:45,0
DA:46,0
DA:48,0
DA:53,0
DA:54,0
DA:55,0
DA:57,0
DA:62,0
DA:63,0
DA:67,0
DA:69,0
DA:70,0
DA:75,0
LF:24
LH:0
BRDA:27,0,0,0
BRDA:61,1,0,0
BRF:2
BRH:0
end_of_record
TN:
SF:src/api/v1/models/schema/event.model.ts
FNF:0
FNH:0
DA:1,1
DA:10,1
DA:16,1
DA:22,1
DA:28,1
DA:34,1
DA:40,1
DA:47,1
LF:8
LH:8
BRF:0
BRH:0
end_of_record
TN:
SF:src/api/v1/routes/analytics.routes.ts
FN:9,(anonymous_1)
FN:13,(anonymous_2)
FNF:2
FNH:0
FNDA:0,(anonymous_1)
FNDA:0,(anonymous_2)
DA:1,0
DA:2,0
DA:5,0
DA:6,0
DA:7,0
DA:10,0
DA:14,0
DA:18,0
LF:8
LH:0
BRF:0
BRH:0
end_of_record
TN:
SF:src/api/v1/routes/event.routes.ts
FN:12,(anonymous_1)
FN:16,(anonymous_2)
FNF:2
FNH:0
FNDA:0,(anonymous_1)
FNDA:0,(anonymous_2)
DA:1,0
DA:2,0
DA:3,0
DA:4,0
DA:8,0
DA:9,0
DA:10,0
DA:13,0
DA:17,0
DA:21,0
LF:10
LH:0
BRF:0
BRH:0
end_of_record
TN:
SF:src/api/v1/services/analytics.service.ts
FN:7,(anonymous_8)
FN:11,(anonymous_9)
FN:24,(anonymous_11)
FN:39,(anonymous_13)
FN:64,(anonymous_15)
FNF:5
FNH:0
FNDA:0,(anonymous_8)
FNDA:0,(anonymous_9)
FNDA:0,(anonymous_11)
FNDA:0,(anonymous_13)
FNDA:0,(anonymous_15)
DA:1,0
DA:8,0
DA:12,0
DA:19,0
DA:21,0
DA:25,0
DA:34,0
DA:35,0
DA:36,0
DA:40,0
DA:60,0
DA:61,0
DA:65,0
DA:66,0
DA:67,0
DA:69,0
DA:78,0
LF:17
LH:0
BRDA:11,0,0,0
BRDA:21,1,0,0
BRDA:21,1,1,0
BRDA:21,2,0,0
BRDA:21,2,1,0
BRDA:21,3,0,0
BRDA:21,3,1,0
BRDA:24,4,0,0
BRDA:36,5,0,0
BRDA:36,5,1,0
BRDA:36,6,0,0
BRDA:36,6,1,0
BRDA:36,7,0,0
BRDA:36,7,1,0
BRDA:61,8,0,0
BRDA:61,8,1,0
BRDA:61,9,0,0
BRDA:61,9,1,0
BRDA:61,10,0,0
BRDA:61,10,1,0
BRF:20
BRH:0
end_of_record
TN:
SF:src/api/v1/services/event.service.ts
FN:15,(anonymous_7)
FNF:1
FNH:0
FNDA:0,(anonymous_7)
DA:2,1
DA:16,0
DA:24,0
DA:29,1
LF:4
LH:2
BRDA:19,0,0,0
BRDA:19,0,1,0
BRDA:20,1,0,0
BRDA:20,1,1,0
BRDA:21,2,0,0
BRDA:21,2,1,0
BRF:6
BRH:0
end_of_record
TN:
SF:src/api/v1/utils/validateEnv.ts
FN:3,validateEnv
FNF:1
FNH:0
FNDA:0,validateEnv
DA:1,0
DA:4,0
DA:18,0
LF:3
LH:0
BRF:0
BRH:0
end_of_record
TN:
SF:src/api/v1/utils/exceptions/http.exception.ts
FN:5,(anonymous_0)
FNF:1
FNH:1
FNDA:5,(anonymous_0)
DA:6,5
DA:7,5
DA:8,5
DA:12,1
LF:4
LH:4
BRF:0
BRH:0
end_of_record
TN:
SF:src/api/v1/utils/logging/logger.ts
FNF:0
FNH:0
DA:1,0
DA:2,0
DA:3,0
DA:5,0
DA:12,0
DA:32,0
LF:6
LH:0
BRF:0
BRH:0
end_of_record
TN:
SF:src/api/v1/utils/responses/response.ts
FN:5,(anonymous_0)
FN:58,(anonymous_1)
FN:77,(anonymous_2)
FN:84,(anonymous_3)
FN:99,(anonymous_4)
FN:106,(anonymous_5)
FN:121,(anonymous_6)
FNF:7
FNH:0
FNDA:0,(anonymous_0)
FNDA:0,(anonymous_1)
FNDA:0,(anonymous_2)
FNDA:0,(anonymous_3)
FNDA:0,(anonymous_4)
FNDA:0,(anonymous_5)
FNDA:0,(anonymous_6)
DA:5,0
DA:7,0
DA:8,0
DA:9,0
DA:12,0
DA:13,0
DA:14,0
DA:15,0
DA:18,0
DA:19,0
DA:20,0
DA:21,0
DA:22,0
DA:23,0
DA:26,0
DA:27,0
DA:28,0
DA:29,0
DA:30,0
DA:31,0
DA:32,0
DA:35,0
DA:36,0
DA:37,0
DA:38,0
DA:39,0
DA:58,0
DA:65,0
DA:67,0
DA:74,0
DA:77,0
DA:78,0
DA:81,0
DA:84,0
DA:89,0
DA:91,0
DA:96,0
DA:99,0
DA:100,0
DA:103,0
DA:106,0
DA:111,0
DA:113,0
DA:118,0
DA:121,0
DA:122,0
DA:125,0
LF:47
LH:0
BRDA:5,0,0,0
BRDA:5,0,1,0
BRDA:60,1,0,0
BRDA:61,2,0,0
BRDA:62,3,0,0
BRDA:63,4,0,0
BRDA:86,5,0,0
BRDA:87,6,0,0
BRDA:88,7,0,0
BRDA:108,8,0,0
BRDA:109,9,0,0
BRDA:110,10,0,0
BRF:12
BRH:0
end_of_record
TN:
SF:src/api/v1/utils/sendEmails/sendEmails.ts
FN:7,(anonymous_8)
FN:11,(anonymous_9)
FNF:2
FNH:0
FNDA:0,(anonymous_8)
FNDA:0,(anonymous_9)
DA:1,0
DA:3,0
DA:4,0
DA:5,0
DA:7,0
DA:11,0
DA:12,0
DA:23,0
DA:24,0
DA:25,0
DA:27,0
DA:28,0
DA:29,0
DA:34,0
LF:14
LH:0
BRDA:3,0,0,0
BRDA:3,0,1,0
BRDA:4,1,0,0
BRDA:4,1,1,0
BRDA:28,2,0,0
BRF:5
BRH:0
end_of_record
TN:
SF:src/api/v1/validations/event.validation.ts
FNF:0
FNH:0
DA:1,0
DA:3,0
LF:2
LH:0
BRF:0
BRH:0
end_of_record
TN:
SF:src/config/database/index.ts
FNF:0
FNH:0
DA:1,0
DA:5,0
DA:16,0
DA:28,0
LF:4
LH:0
BRDA:17,0,0,0
BRDA:17,0,1,0
BRDA:18,1,0,0
BRDA:18,1,1,0
BRDA:19,2,0,0
BRDA:19,2,1,0
BRDA:20,3,0,0
BRDA:20,3,1,0
BRF:8
BRH:0
end_of_record
